[2023-10-01T03:16:02.123] [ERROR] default - Cast to ObjectId failed for value "{ label: 'Zone 12', value: '6504ff84f7b7640d8d84d9d0' }" (type Object) at path "_id" for model "BusGroup"
[2023-10-01T04:10:22.031] [ERROR] default - Cast to ObjectId failed for value "null" (type string) at path "_id" for model "BusGroup"
[2023-10-01T04:10:49.834] [ERROR] default - Cast to ObjectId failed for value "null" (type string) at path "_id" for model "BusGroup"
[2023-10-01T04:10:52.762] [ERROR] default - Cast to ObjectId failed for value "null" (type string) at path "_id" for model "BusGroup"
[2023-10-01T04:11:04.375] [ERROR] default - Cast to ObjectId failed for value "null" (type string) at path "_id" for model "BusGroup"
[2023-10-01T04:12:00.848] [ERROR] default - Cast to ObjectId failed for value "null" (type string) at path "_id" for model "BusGroup"
[2023-10-01T04:12:02.646] [ERROR] default - Cast to ObjectId failed for value "null" (type string) at path "_id" for model "BusGroup"
[2023-10-01T04:12:04.053] [ERROR] default - Cast to ObjectId failed for value "null" (type string) at path "_id" for model "BusGroup"
[2023-10-01T04:12:10.336] [ERROR] default - Cast to ObjectId failed for value "null" (type string) at path "_id" for model "BusGroup"
[2023-10-01T04:12:16.760] [ERROR] default - Cast to ObjectId failed for value "null" (type string) at path "_id" for model "BusGroup"
[2023-10-01T04:12:17.872] [ERROR] default - Cast to ObjectId failed for value "null" (type string) at path "_id" for model "BusGroup"
[2023-10-01T04:12:23.254] [ERROR] default - Cast to ObjectId failed for value "null" (type string) at path "_id" for model "BusGroup"
[2023-10-01T04:12:41.461] [ERROR] default - Cast to ObjectId failed for value "null" (type string) at path "_id" for model "BusGroup"
[2023-10-01T04:12:59.358] [ERROR] default - Cast to ObjectId failed for value "null" (type string) at path "_id" for model "BusGroup"
[2023-10-01T04:13:39.693] [ERROR] default - Cast to ObjectId failed for value "null" (type string) at path "_id" for model "BusGroup"
[2023-10-01T04:13:46.150] [ERROR] default - Cast to ObjectId failed for value "null" (type string) at path "_id" for model "BusGroup"
[2023-10-01T04:16:10.962] [ERROR] default - Cast to ObjectId failed for value "null" (type string) at path "_id" for model "BusGroup"
[2023-10-01T04:16:30.881] [ERROR] default - Cast to ObjectId failed for value "null" (type string) at path "_id" for model "BusGroup"
[2023-10-01T04:16:58.337] [ERROR] default - Cast to ObjectId failed for value "null" (type string) at path "_id" for model "BusGroup"
[2023-10-01T04:17:00.091] [ERROR] default - Cast to ObjectId failed for value "null" (type string) at path "_id" for model "BusGroup"
[2023-10-01T04:17:55.006] [ERROR] default - Cast to ObjectId failed for value "null" (type string) at path "_id" for model "BusGroup"
[2023-10-01T04:17:59.136] [ERROR] default - Cast to ObjectId failed for value "null" (type string) at path "_id" for model "BusGroup"
[2023-10-01T04:18:31.138] [ERROR] default - Cast to ObjectId failed for value "null" (type string) at path "_id" for model "BusGroup"
[2023-10-01T04:18:56.506] [ERROR] default - Cast to ObjectId failed for value "null" (type string) at path "_id" for model "BusGroup"
[2023-10-01T04:19:07.433] [ERROR] default - Cast to ObjectId failed for value "null" (type string) at path "_id" for model "BusGroup"
[2023-10-01T04:19:07.792] [ERROR] default - Cast to ObjectId failed for value "null" (type string) at path "_id" for model "BusGroup"
[2023-10-01T04:19:18.412] [ERROR] default - Cast to ObjectId failed for value "null" (type string) at path "_id" for model "BusGroup"
[2023-10-01T04:19:33.805] [ERROR] default - Cast to ObjectId failed for value "null" (type string) at path "_id" for model "BusGroup"
[2023-10-01T04:19:43.101] [ERROR] default - Cast to ObjectId failed for value "null" (type string) at path "_id" for model "BusGroup"
[2023-10-01T04:21:08.889] [ERROR] default - Cast to ObjectId failed for value "null" (type string) at path "_id" for model "BusGroup"
[2023-10-01T04:21:18.792] [ERROR] default - Cast to ObjectId failed for value "null" (type string) at path "_id" for model "BusGroup"
[2023-10-01T04:21:30.291] [ERROR] default - Cast to ObjectId failed for value "null" (type string) at path "_id" for model "BusGroup"
[2023-10-01T04:21:40.917] [ERROR] default - Cast to ObjectId failed for value "null" (type string) at path "_id" for model "BusGroup"
[2023-10-01T04:23:15.883] [ERROR] default - Cast to ObjectId failed for value "null" (type string) at path "_id" for model "BusGroup"
[2023-10-01T04:23:28.426] [ERROR] default - Cast to ObjectId failed for value "null" (type string) at path "_id" for model "BusGroup"
[2023-10-01T04:23:30.612] [ERROR] default - Cast to ObjectId failed for value "null" (type string) at path "_id" for model "BusGroup"
[2023-10-01T04:23:33.014] [ERROR] default - Cast to ObjectId failed for value "null" (type string) at path "_id" for model "BusGroup"
[2023-10-01T04:24:02.625] [ERROR] default - Cast to ObjectId failed for value "null" (type string) at path "_id" for model "BusGroup"
[2023-10-01T04:24:04.270] [ERROR] default - Cast to ObjectId failed for value "null" (type string) at path "_id" for model "BusGroup"
[2023-10-01T04:24:11.135] [ERROR] default - Cast to ObjectId failed for value "null" (type string) at path "_id" for model "BusGroup"
[2023-10-01T04:24:36.919] [ERROR] default - Cast to ObjectId failed for value "null" (type string) at path "_id" for model "BusGroup"
[2023-10-01T04:24:37.198] [ERROR] default - Cast to ObjectId failed for value "null" (type string) at path "_id" for model "BusGroup"
[2023-10-01T04:26:18.194] [ERROR] default - Cast to ObjectId failed for value "null" (type string) at path "_id" for model "BusGroup"
[2023-10-01T04:26:20.965] [ERROR] default - Cast to ObjectId failed for value "null" (type string) at path "_id" for model "BusGroup"
[2023-10-01T04:26:21.206] [ERROR] default - Cast to ObjectId failed for value "null" (type string) at path "_id" for model "BusGroup"
[2023-10-01T04:26:32.064] [ERROR] default - Cast to ObjectId failed for value "null" (type string) at path "_id" for model "BusGroup"
[2023-10-01T04:26:57.771] [ERROR] default - Cast to ObjectId failed for value "null" (type string) at path "_id" for model "BusGroup"
[2023-10-01T04:26:57.866] [ERROR] default - Cast to ObjectId failed for value "null" (type string) at path "_id" for model "BusGroup"
[2023-10-01T04:27:09.969] [ERROR] default - Cast to ObjectId failed for value "null" (type string) at path "_id" for model "BusGroup"
[2023-10-01T04:27:10.479] [ERROR] default - Cast to ObjectId failed for value "null" (type string) at path "_id" for model "BusGroup"
[2023-10-01T04:27:21.367] [ERROR] default - Cast to ObjectId failed for value "null" (type string) at path "_id" for model "BusGroup"
[2023-10-01T05:04:51.636] [ERROR] default - connection timed out
[2023-10-01T05:04:51.663] [ERROR] default - connection timed out
[2023-10-01T05:05:29.516] [ERROR] default - connection timed out
[2023-10-01T05:05:29.563] [ERROR] default - connection timed out
[2023-10-01T05:06:33.644] [ERROR] default - connection timed out
[2023-10-01T05:06:33.673] [ERROR] default - connection timed out
[2023-10-01T05:07:08.070] [ERROR] default - connection timed out
[2023-10-01T05:07:08.072] [ERROR] default - connection timed out
[2023-10-01T07:50:55.534] [ERROR] default - Cast to ObjectId failed for value "null" (type string) at path "_id" for model "BusGroup"
[2023-10-01T07:50:59.407] [ERROR] default - Cast to ObjectId failed for value "null" (type string) at path "_id" for model "BusGroup"
[2023-10-01T07:51:08.349] [ERROR] default - Cast to ObjectId failed for value "null" (type string) at path "_id" for model "BusGroup"
[2023-10-01T07:51:33.444] [ERROR] default - Cast to ObjectId failed for value "null" (type string) at path "_id" for model "BusGroup"
[2023-10-01T07:52:11.691] [ERROR] default - Cast to ObjectId failed for value "null" (type string) at path "_id" for model "BusGroup"
[2023-10-01T07:57:31.995] [ERROR] default - Cast to ObjectId failed for value "null" (type string) at path "_id" for model "BusGroup"
[2023-10-01T07:57:34.336] [ERROR] default - Cast to ObjectId failed for value "null" (type string) at path "_id" for model "BusGroup"
[2023-10-01T07:57:35.730] [ERROR] default - Cast to ObjectId failed for value "null" (type string) at path "_id" for model "BusGroup"
[2023-10-01T07:57:42.092] [ERROR] default - Cast to ObjectId failed for value "null" (type string) at path "_id" for model "BusGroup"
[2023-10-01T08:04:40.471] [ERROR] default - Cast to ObjectId failed for value "null" (type string) at path "_id" for model "BusGroup"
[2023-10-01T08:04:48.012] [ERROR] default - Cast to ObjectId failed for value "null" (type string) at path "_id" for model "BusGroup"
[2023-10-01T08:04:55.864] [ERROR] default - Cast to ObjectId failed for value "null" (type string) at path "_id" for model "BusGroup"
[2023-10-01T08:05:01.768] [ERROR] default - Cast to ObjectId failed for value "null" (type string) at path "_id" for model "BusGroup"
[2023-10-01T08:12:30.344] [ERROR] default - Cast to ObjectId failed for value "null" (type string) at path "_id" for model "BusGroup"
[2023-10-01T08:13:56.108] [ERROR] default - Cast to ObjectId failed for value "null" (type string) at path "_id" for model "BusGroup"
[2023-10-01T08:14:27.759] [ERROR] default - Cast to ObjectId failed for value "null" (type string) at path "_id" for model "BusGroup"
[2023-10-01T08:14:37.583] [ERROR] default - Cast to ObjectId failed for value "null" (type string) at path "_id" for model "BusGroup"
[2023-10-01T08:17:35.780] [ERROR] default - Cast to ObjectId failed for value "null" (type string) at path "_id" for model "BusGroup"
[2023-10-01T08:17:42.282] [ERROR] default - Cast to ObjectId failed for value "null" (type string) at path "_id" for model "BusGroup"
[2023-10-01T08:17:45.490] [ERROR] default - Cast to ObjectId failed for value "null" (type string) at path "_id" for model "BusGroup"
[2023-10-01T08:17:47.816] [ERROR] default - Cast to ObjectId failed for value "null" (type string) at path "_id" for model "BusGroup"
[2023-10-01T08:18:34.135] [ERROR] default - Cast to ObjectId failed for value "null" (type string) at path "parent" for model "BusGroup"
[2023-10-01T08:19:00.784] [ERROR] default - Cast to ObjectId failed for value "null" (type string) at path "parent" for model "BusGroup"
[2023-10-01T08:19:20.088] [ERROR] default - Cast to ObjectId failed for value "undefined" (type string) at path "parent" for model "BusGroup"
[2023-10-01T08:19:20.134] [ERROR] default - Cast to ObjectId failed for value "null" (type string) at path "_id" for model "BusGroup"
[2023-10-01T08:19:29.923] [ERROR] default - Cast to ObjectId failed for value "undefined" (type string) at path "parent" for model "BusGroup"
[2023-10-01T08:19:29.941] [ERROR] default - Cast to ObjectId failed for value "null" (type string) at path "_id" for model "BusGroup"
[2023-10-01T08:20:37.131] [ERROR] default - Cast to ObjectId failed for value "null" (type string) at path "_id" for model "BusGroup"
[2023-10-01T08:20:37.245] [ERROR] default - Cast to ObjectId failed for value "undefined" (type string) at path "parent" for model "BusGroup"
[2023-10-01T08:20:38.132] [ERROR] default - Cast to ObjectId failed for value "null" (type string) at path "_id" for model "BusGroup"
[2023-10-01T08:20:40.827] [ERROR] default - Cast to ObjectId failed for value "null" (type string) at path "_id" for model "BusGroup"
[2023-10-01T15:30:21.151] [ERROR] default - Cast to ObjectId failed for value "null" (type string) at path "_id" for model "BusGroup"
[2023-10-01T15:30:50.971] [ERROR] default - Cast to ObjectId failed for value "null" (type string) at path "_id" for model "BusGroup"
[2023-10-01T15:31:00.892] [ERROR] default - Cast to ObjectId failed for value "null" (type string) at path "_id" for model "BusGroup"
[2023-10-01T15:31:05.569] [ERROR] default - Cast to ObjectId failed for value "null" (type string) at path "_id" for model "BusGroup"
[2023-10-01T15:31:30.171] [ERROR] default - Cast to ObjectId failed for value "null" (type string) at path "_id" for model "BusGroup"
[2023-10-01T15:32:30.685] [ERROR] default - Cast to ObjectId failed for value "null" (type string) at path "_id" for model "BusGroup"
[2023-10-01T15:32:56.507] [ERROR] default - Cast to ObjectId failed for value "null" (type string) at path "_id" for model "BusGroup"
[2023-10-01T15:33:02.030] [ERROR] default - Cast to ObjectId failed for value "null" (type string) at path "_id" for model "BusGroup"
[2023-10-01T15:33:10.356] [ERROR] default - Cast to ObjectId failed for value "null" (type string) at path "_id" for model "BusGroup"
[2023-10-01T15:33:10.727] [ERROR] default - Cast to ObjectId failed for value "null" (type string) at path "_id" for model "BusGroup"
[2023-10-01T15:33:29.055] [ERROR] default - Cast to ObjectId failed for value "null" (type string) at path "_id" for model "BusGroup"
[2023-10-01T15:33:32.711] [ERROR] default - Cast to ObjectId failed for value "null" (type string) at path "_id" for model "BusGroup"
[2023-10-01T15:33:33.437] [ERROR] default - Cast to ObjectId failed for value "null" (type string) at path "_id" for model "BusGroup"
[2023-10-01T15:34:02.047] [ERROR] default - Cast to ObjectId failed for value "null" (type string) at path "_id" for model "BusGroup"
[2023-10-01T15:34:07.808] [ERROR] default - Cast to ObjectId failed for value "null" (type string) at path "_id" for model "BusGroup"
[2023-10-01T15:35:38.300] [ERROR] default - Cast to ObjectId failed for value "null" (type string) at path "_id" for model "BusGroup"
[2023-10-01T15:38:01.176] [ERROR] default - Cast to ObjectId failed for value "null" (type string) at path "_id" for model "BusGroup"
[2023-10-01T15:38:01.235] [ERROR] default - Cast to Array failed for value "[object Object]" (type string) at path "$or" for model "BusAccount"
[2023-10-01T15:38:25.736] [ERROR] default - Cast to ObjectId failed for value "null" (type string) at path "_id" for model "BusGroup"
[2023-10-01T15:38:25.738] [ERROR] default - Cast to Array failed for value "[object Object]" (type string) at path "$or" for model "BusAccount"
[2023-10-01T15:39:17.114] [ERROR] default - Cast to ObjectId failed for value "null" (type string) at path "_id" for model "BusGroup"
[2023-10-01T15:39:17.115] [ERROR] default - Cast to Array failed for value "[object Object]" (type string) at path "$or" for model "BusAccount"
[2023-10-01T15:39:17.271] [ERROR] default - Cast to ObjectId failed for value "null" (type string) at path "_id" for model "BusGroup"
[2023-10-01T15:39:17.289] [ERROR] default - Cast to Array failed for value "[object Object]" (type string) at path "$or" for model "BusAccount"
[2023-10-01T15:39:17.299] [ERROR] default - Cast to Array failed for value "[object Object],[object Object]" (type string) at path "$or" for model "BusAccount"
[2023-10-01T15:39:18.601] [ERROR] default - Cast to Array failed for value "[object Object],[object Object]" (type string) at path "$or" for model "BusAccount"
[2023-10-01T15:39:18.609] [ERROR] default - Cast to ObjectId failed for value "null" (type string) at path "_id" for model "BusGroup"
[2023-10-01T15:39:20.534] [ERROR] default - Cast to ObjectId failed for value "null" (type string) at path "_id" for model "BusGroup"
[2023-10-01T15:39:20.547] [ERROR] default - Cast to Array failed for value "[object Object],[object Object]" (type string) at path "$or" for model "BusAccount"
[2023-10-01T15:39:21.617] [ERROR] default - Cast to ObjectId failed for value "null" (type string) at path "_id" for model "BusGroup"
[2023-10-01T15:39:27.715] [ERROR] default - Cast to ObjectId failed for value "null" (type string) at path "_id" for model "BusGroup"
[2023-10-01T15:39:27.733] [ERROR] default - Cast to Array failed for value "[object Object],[object Object]" (type string) at path "$or" for model "BusAccount"
[2023-10-01T15:39:32.836] [ERROR] default - Cast to Array failed for value "[object Object],[object Object]" (type string) at path "$or" for model "BusAccount"
[2023-10-01T15:39:32.843] [ERROR] default - Cast to ObjectId failed for value "null" (type string) at path "_id" for model "BusGroup"
[2023-10-01T15:39:39.839] [ERROR] default - Cast to ObjectId failed for value "null" (type string) at path "_id" for model "BusGroup"
[2023-10-01T15:39:39.847] [ERROR] default - Cast to Array failed for value "[object Object],[object Object]" (type string) at path "$or" for model "BusAccount"
[2023-10-01T15:39:42.508] [ERROR] default - Cast to Array failed for value "[object Object],[object Object]" (type string) at path "$or" for model "BusAccount"
[2023-10-01T15:39:42.518] [ERROR] default - Cast to ObjectId failed for value "null" (type string) at path "_id" for model "BusGroup"
[2023-10-01T15:39:55.443] [ERROR] default - Cast to Array failed for value "[object Object],[object Object]" (type string) at path "$or" for model "BusAccount"
[2023-10-01T15:39:55.452] [ERROR] default - Cast to ObjectId failed for value "null" (type string) at path "_id" for model "BusGroup"
[2023-10-01T15:39:55.728] [ERROR] default - Cast to Array failed for value "[object Object],[object Object]" (type string) at path "$or" for model "BusAccount"
[2023-10-01T15:39:55.734] [ERROR] default - Cast to ObjectId failed for value "null" (type string) at path "_id" for model "BusGroup"
[2023-10-01T15:39:58.017] [ERROR] default - Cast to Array failed for value "[object Object],[object Object]" (type string) at path "$or" for model "BusAccount"
[2023-10-01T15:39:58.022] [ERROR] default - Cast to ObjectId failed for value "null" (type string) at path "_id" for model "BusGroup"
[2023-10-01T15:42:25.513] [ERROR] default - Cast to Array failed for value "[object Object],[object Object]" (type string) at path "$or" for model "BusAccount"
[2023-10-01T15:42:25.602] [ERROR] default - Cast to ObjectId failed for value "null" (type string) at path "_id" for model "BusGroup"
[2023-10-01T15:42:26.320] [ERROR] default - Cast to ObjectId failed for value "null" (type string) at path "_id" for model "BusGroup"
[2023-10-01T15:42:26.333] [ERROR] default - Cast to Array failed for value "[object Object],[object Object]" (type string) at path "$or" for model "BusAccount"
[2023-10-01T15:43:16.255] [ERROR] default - Cast to ObjectId failed for value "null" (type string) at path "_id" for model "BusGroup"
[2023-10-01T15:43:16.256] [ERROR] default - Cast to Array failed for value "[object Object],[object Object]" (type string) at path "$or" for model "BusAccount"
[2023-10-01T15:45:04.444] [ERROR] default - Cast to Array failed for value "[object Object],[object Object]" (type string) at path "$or" for model "BusAccount"
[2023-10-01T15:45:04.534] [ERROR] default - Cast to ObjectId failed for value "null" (type string) at path "_id" for model "BusGroup"
[2023-10-01T15:47:59.972] [ERROR] default - Cast to ObjectId failed for value "null" (type string) at path "_id" for model "BusGroup"
[2023-10-01T15:47:59.973] [ERROR] default - Cast to Array failed for value "[object Object],[object Object]" (type string) at path "$or" for model "BusAccount"
[2023-10-01T15:48:04.104] [ERROR] default - Cast to ObjectId failed for value "null" (type string) at path "_id" for model "BusGroup"
[2023-10-01T15:48:36.881] [ERROR] default - Cast to ObjectId failed for value "null" (type string) at path "_id" for model "BusGroup"
[2023-10-01T15:48:39.728] [ERROR] default - Cast to ObjectId failed for value "null" (type string) at path "_id" for model "BusGroup"
[2023-10-01T15:49:08.918] [ERROR] default - Cast to ObjectId failed for value "null" (type string) at path "_id" for model "BusGroup"
[2023-10-01T15:49:12.664] [ERROR] default - Cast to ObjectId failed for value "null" (type string) at path "_id" for model "BusGroup"
[2023-10-01T15:49:13.925] [ERROR] default - Cast to ObjectId failed for value "null" (type string) at path "_id" for model "BusGroup"
[2023-10-01T15:49:16.279] [ERROR] default - Cast to ObjectId failed for value "all" (type string) at path "_id" for model "BusRound"
[2023-10-01T15:49:16.397] [ERROR] default - Cast to ObjectId failed for value "null" (type string) at path "_id" for model "BusGroup"
[2023-10-01T15:49:18.372] [ERROR] default - Cast to ObjectId failed for value "all" (type string) at path "_id" for model "BusRound"
[2023-10-01T15:49:18.382] [ERROR] default - Cast to ObjectId failed for value "null" (type string) at path "_id" for model "BusGroup"
[2023-10-01T15:50:22.301] [ERROR] default - Cast to ObjectId failed for value "all" (type string) at path "_id" for model "BusRound"
[2023-10-01T15:50:22.304] [ERROR] default - Cast to ObjectId failed for value "null" (type string) at path "_id" for model "BusGroup"
[2023-10-01T15:50:25.728] [ERROR] default - Cast to ObjectId failed for value "all" (type string) at path "_id" for model "BusRound"
[2023-10-01T15:50:25.733] [ERROR] default - Cast to ObjectId failed for value "null" (type string) at path "_id" for model "BusGroup"
[2023-10-01T15:51:12.619] [ERROR] default - Cast to ObjectId failed for value "all" (type string) at path "_id" for model "BusRound"
[2023-10-01T15:51:12.659] [ERROR] default - Cast to ObjectId failed for value "null" (type string) at path "_id" for model "BusGroup"
[2023-10-01T15:55:40.988] [ERROR] default - Cast to ObjectId failed for value "null" (type string) at path "_id" for model "BusGroup"
[2023-10-01T15:55:43.586] [ERROR] default - Cast to ObjectId failed for value "null" (type string) at path "_id" for model "BusGroup"
[2023-10-01T15:56:28.885] [ERROR] default - Cast to ObjectId failed for value "null" (type string) at path "_id" for model "BusGroup"
[2023-10-01T15:56:55.074] [ERROR] default - Cast to ObjectId failed for value "null" (type string) at path "_id" for model "BusGroup"
[2023-10-01T15:56:59.130] [ERROR] default - Cast to ObjectId failed for value "null" (type string) at path "_id" for model "BusGroup"
[2023-10-01T15:57:14.490] [ERROR] default - Cast to ObjectId failed for value "null" (type string) at path "_id" for model "BusGroup"
[2023-10-01T15:58:16.424] [ERROR] default - Cast to ObjectId failed for value "null" (type string) at path "_id" for model "BusGroup"
[2023-10-01T15:58:17.732] [ERROR] default - Cast to ObjectId failed for value "null" (type string) at path "_id" for model "BusGroup"
[2023-10-01T15:58:41.512] [ERROR] default - Cast to ObjectId failed for value "null" (type string) at path "_id" for model "BusGroup"
[2023-10-01T15:58:42.778] [ERROR] default - Cast to ObjectId failed for value "null" (type string) at path "_id" for model "BusGroup"
[2023-10-01T15:58:59.226] [ERROR] default - Cast to ObjectId failed for value "null" (type string) at path "_id" for model "BusGroup"
[2023-10-01T15:58:59.812] [ERROR] default - Cast to ObjectId failed for value "null" (type string) at path "_id" for model "BusGroup"
[2023-10-01T15:59:01.160] [ERROR] default - Cast to ObjectId failed for value "null" (type string) at path "_id" for model "BusGroup"
[2023-10-01T15:59:19.156] [ERROR] default - Cast to ObjectId failed for value "null" (type string) at path "_id" for model "BusGroup"
[2023-10-01T15:59:23.259] [ERROR] default - Cast to ObjectId failed for value "null" (type string) at path "_id" for model "BusGroup"
[2023-10-01T15:59:24.089] [ERROR] default - Cast to ObjectId failed for value "null" (type string) at path "_id" for model "BusGroup"
[2023-10-01T15:59:28.383] [ERROR] default - Cast to ObjectId failed for value "null" (type string) at path "_id" for model "BusGroup"
[2023-10-01T15:59:38.466] [ERROR] default - Cast to ObjectId failed for value "null" (type string) at path "_id" for model "BusGroup"
[2023-10-01T15:59:41.694] [ERROR] default - Cast to ObjectId failed for value "null" (type string) at path "_id" for model "BusGroup"
[2023-10-01T15:59:43.223] [ERROR] default - Cast to ObjectId failed for value "null" (type string) at path "_id" for model "BusGroup"
[2023-10-01T15:59:51.601] [ERROR] default - Cast to ObjectId failed for value "null" (type string) at path "_id" for model "BusGroup"
[2023-10-01T16:00:14.606] [ERROR] default - Cast to ObjectId failed for value "null" (type string) at path "_id" for model "BusGroup"
[2023-10-01T16:00:28.322] [ERROR] default - Cast to ObjectId failed for value "null" (type string) at path "_id" for model "BusGroup"
[2023-10-01T16:00:28.487] [ERROR] default - Cast to ObjectId failed for value "null" (type string) at path "_id" for model "BusGroup"
[2023-10-01T16:00:38.184] [ERROR] default - Cast to ObjectId failed for value "null" (type string) at path "_id" for model "BusGroup"
[2023-10-01T16:00:38.563] [ERROR] default - Cast to ObjectId failed for value "null" (type string) at path "_id" for model "BusGroup"
[2023-10-01T16:00:52.632] [ERROR] default - Cast to ObjectId failed for value "null" (type string) at path "_id" for model "BusGroup"
[2023-10-01T16:00:57.104] [ERROR] default - Cast to ObjectId failed for value "null" (type string) at path "_id" for model "BusGroup"
[2023-10-01T16:00:57.470] [ERROR] default - Cast to ObjectId failed for value "null" (type string) at path "_id" for model "BusGroup"
[2023-10-01T16:01:13.036] [ERROR] default - Cast to ObjectId failed for value "null" (type string) at path "_id" for model "BusGroup"
[2023-10-01T16:01:25.611] [ERROR] default - Cast to ObjectId failed for value "null" (type string) at path "_id" for model "BusGroup"
[2023-10-01T16:01:45.768] [ERROR] default - Cast to ObjectId failed for value "null" (type string) at path "_id" for model "BusGroup"
[2023-10-01T16:02:31.555] [ERROR] default - Cast to ObjectId failed for value "null" (type string) at path "_id" for model "BusGroup"
[2023-10-01T16:07:45.541] [ERROR] default - Cast to ObjectId failed for value "null" (type string) at path "_id" for model "BusGroup"
[2023-10-01T16:07:45.670] [ERROR] default - Cast to ObjectId failed for value "null" (type string) at path "_id" for model "BusGroup"
[2023-10-01T16:07:57.950] [ERROR] default - Cast to ObjectId failed for value "null" (type string) at path "_id" for model "BusGroup"
[2023-10-01T16:07:58.299] [ERROR] default - Cast to ObjectId failed for value "null" (type string) at path "_id" for model "BusGroup"
[2023-10-01T16:08:06.642] [ERROR] default - Cast to ObjectId failed for value "null" (type string) at path "_id" for model "BusGroup"
[2023-10-01T16:08:07.018] [ERROR] default - Cast to ObjectId failed for value "null" (type string) at path "_id" for model "BusGroup"
[2023-10-01T16:08:12.547] [ERROR] default - Cast to ObjectId failed for value "null" (type string) at path "_id" for model "BusGroup"
[2023-10-01T16:08:13.427] [ERROR] default - Cast to ObjectId failed for value "null" (type string) at path "_id" for model "BusGroup"
[2023-10-01T16:08:34.305] [ERROR] default - Cast to ObjectId failed for value "null" (type string) at path "_id" for model "BusGroup"
[2023-10-01T16:08:51.138] [ERROR] default - Cast to ObjectId failed for value "null" (type string) at path "_id" for model "BusGroup"
[2023-10-01T16:09:06.869] [ERROR] default - Cast to ObjectId failed for value "null" (type string) at path "_id" for model "BusGroup"
[2023-10-01T16:09:09.236] [ERROR] default - Cast to ObjectId failed for value "null" (type string) at path "_id" for model "BusGroup"
[2023-10-01T16:09:11.971] [ERROR] default - Cast to ObjectId failed for value "null" (type string) at path "_id" for model "BusGroup"
[2023-10-01T17:38:00.860] [ERROR] default - Cast to ObjectId failed for value "null" (type string) at path "_id" for model "BusGroup"
[2023-10-01T17:38:28.148] [ERROR] default - Cast to ObjectId failed for value "null" (type string) at path "_id" for model "BusGroup"
[2023-10-01T17:38:28.708] [ERROR] default - Cast to ObjectId failed for value "null" (type string) at path "_id" for model "BusGroup"
[2023-10-01T17:38:30.381] [ERROR] default - Cast to ObjectId failed for value "null" (type string) at path "_id" for model "BusGroup"
[2023-10-01T17:38:36.224] [ERROR] default - Cast to ObjectId failed for value "null" (type string) at path "_id" for model "BusGroup"
[2023-10-01T17:38:45.989] [ERROR] default - Cast to ObjectId failed for value "null" (type string) at path "_id" for model "BusGroup"
[2023-10-01T17:38:49.665] [ERROR] default - Cast to ObjectId failed for value "null" (type string) at path "_id" for model "BusGroup"
[2023-10-01T17:38:55.169] [ERROR] default - Cast to ObjectId failed for value "null" (type string) at path "_id" for model "BusGroup"
[2023-10-01T17:38:55.678] [ERROR] default - Cast to ObjectId failed for value "null" (type string) at path "_id" for model "BusGroup"
[2023-10-01T17:39:09.077] [ERROR] default - Cast to ObjectId failed for value "null" (type string) at path "_id" for model "BusGroup"
[2023-10-01T17:39:09.350] [ERROR] default - Cast to ObjectId failed for value "null" (type string) at path "_id" for model "BusGroup"
[2023-10-01T17:39:14.822] [ERROR] default - Cast to ObjectId failed for value "null" (type string) at path "_id" for model "BusGroup"
[2023-10-01T17:39:21.374] [ERROR] default - Cast to ObjectId failed for value "null" (type string) at path "_id" for model "BusGroup"
[2023-10-01T17:39:23.985] [ERROR] default - Cast to ObjectId failed for value "null" (type string) at path "_id" for model "BusGroup"
[2023-10-01T17:39:29.300] [ERROR] default - Cast to ObjectId failed for value "null" (type string) at path "_id" for model "BusGroup"
[2023-10-01T17:39:42.099] [ERROR] default - Cast to ObjectId failed for value "null" (type string) at path "_id" for model "BusGroup"
[2023-10-01T17:39:42.587] [ERROR] default - Cast to ObjectId failed for value "null" (type string) at path "_id" for model "BusGroup"
[2023-10-01T17:39:59.063] [ERROR] default - Cast to ObjectId failed for value "null" (type string) at path "_id" for model "BusGroup"
[2023-10-01T17:39:59.414] [ERROR] default - Cast to ObjectId failed for value "null" (type string) at path "_id" for model "BusGroup"
[2023-10-01T17:40:12.828] [ERROR] default - Cast to ObjectId failed for value "null" (type string) at path "_id" for model "BusGroup"
[2023-10-01T17:40:13.186] [ERROR] default - Cast to ObjectId failed for value "null" (type string) at path "_id" for model "BusGroup"
[2023-10-01T17:40:17.139] [ERROR] default - Cast to ObjectId failed for value "null" (type string) at path "_id" for model "BusGroup"
[2023-10-01T17:40:17.386] [ERROR] default - Cast to ObjectId failed for value "null" (type string) at path "_id" for model "BusGroup"
[2023-10-01T17:40:20.975] [ERROR] default - Cast to ObjectId failed for value "null" (type string) at path "_id" for model "BusGroup"
[2023-10-01T17:40:24.684] [ERROR] default - Cast to ObjectId failed for value "null" (type string) at path "_id" for model "BusGroup"
[2023-10-01T17:40:24.949] [ERROR] default - Cast to ObjectId failed for value "null" (type string) at path "_id" for model "BusGroup"
[2023-10-01T17:40:42.229] [ERROR] default - Cast to ObjectId failed for value "null" (type string) at path "_id" for model "BusGroup"
[2023-10-01T17:40:50.287] [ERROR] default - Cast to ObjectId failed for value "null" (type string) at path "_id" for model "BusGroup"
[2023-10-01T17:41:04.985] [ERROR] default - Cast to ObjectId failed for value "null" (type string) at path "_id" for model "BusGroup"
[2023-10-01T17:41:17.187] [ERROR] default - Cast to ObjectId failed for value "null" (type string) at path "_id" for model "BusGroup"
[2023-10-01T17:41:17.733] [ERROR] default - Cast to ObjectId failed for value "null" (type string) at path "_id" for model "BusGroup"
[2023-10-01T17:42:37.523] [ERROR] default - Cast to ObjectId failed for value "null" (type string) at path "_id" for model "BusGroup"
[2023-10-01T17:42:47.666] [ERROR] default - Cast to ObjectId failed for value "null" (type string) at path "_id" for model "BusGroup"
[2023-10-01T17:42:47.765] [ERROR] default - Cast to ObjectId failed for value "null" (type string) at path "_id" for model "BusGroup"
[2023-10-01T17:42:58.209] [ERROR] default - Cast to ObjectId failed for value "null" (type string) at path "_id" for model "BusGroup"
[2023-10-01T17:42:58.438] [ERROR] default - Cast to ObjectId failed for value "null" (type string) at path "_id" for model "BusGroup"
[2023-10-01T17:43:01.775] [ERROR] default - Cast to ObjectId failed for value "null" (type string) at path "_id" for model "BusGroup"
[2023-10-01T17:43:06.950] [ERROR] default - Cast to ObjectId failed for value "null" (type string) at path "_id" for model "BusGroup"
[2023-10-01T17:43:07.332] [ERROR] default - Cast to ObjectId failed for value "null" (type string) at path "_id" for model "BusGroup"
[2023-10-01T17:43:16.208] [ERROR] default - Cast to ObjectId failed for value "null" (type string) at path "_id" for model "BusGroup"
[2023-10-01T17:43:16.480] [ERROR] default - Cast to ObjectId failed for value "null" (type string) at path "_id" for model "BusGroup"
[2023-10-01T17:43:19.785] [ERROR] default - Cast to ObjectId failed for value "null" (type string) at path "_id" for model "BusGroup"
[2023-10-01T17:43:20.018] [ERROR] default - Cast to ObjectId failed for value "null" (type string) at path "_id" for model "BusGroup"
[2023-10-01T17:43:40.454] [ERROR] default - Cast to ObjectId failed for value "null" (type string) at path "_id" for model "BusGroup"
[2023-10-01T17:43:50.631] [ERROR] default - Cast to ObjectId failed for value "null" (type string) at path "_id" for model "BusGroup"
[2023-10-01T17:43:54.642] [ERROR] default - Cast to ObjectId failed for value "null" (type string) at path "_id" for model "BusGroup"
[2023-10-01T17:44:02.816] [ERROR] default - Cast to ObjectId failed for value "null" (type string) at path "_id" for model "BusGroup"
[2023-10-01T17:44:09.265] [ERROR] default - Cast to ObjectId failed for value "null" (type string) at path "_id" for model "BusGroup"
[2023-10-01T17:44:09.417] [ERROR] default - Cast to ObjectId failed for value "null" (type string) at path "_id" for model "BusGroup"
[2023-10-01T17:44:22.245] [ERROR] default - Cast to ObjectId failed for value "null" (type string) at path "_id" for model "BusGroup"
[2023-10-01T17:44:25.483] [ERROR] default - Cast to ObjectId failed for value "null" (type string) at path "_id" for model "BusGroup"
[2023-10-01T17:44:25.703] [ERROR] default - Cast to ObjectId failed for value "null" (type string) at path "_id" for model "BusGroup"
[2023-10-01T17:44:28.492] [ERROR] default - Cast to ObjectId failed for value "null" (type string) at path "_id" for model "BusGroup"
[2023-10-01T17:44:28.732] [ERROR] default - Cast to ObjectId failed for value "null" (type string) at path "_id" for model "BusGroup"
[2023-10-01T17:44:36.220] [ERROR] default - Cast to ObjectId failed for value "null" (type string) at path "_id" for model "BusGroup"
[2023-10-01T17:44:41.237] [ERROR] default - Cast to ObjectId failed for value "null" (type string) at path "_id" for model "BusGroup"
[2023-10-01T17:45:04.146] [ERROR] default - Cast to ObjectId failed for value "null" (type string) at path "_id" for model "BusGroup"
[2023-10-01T17:45:29.720] [ERROR] default - Cast to ObjectId failed for value "null" (type string) at path "_id" for model "BusGroup"
[2023-10-01T17:45:32.646] [ERROR] default - Cast to ObjectId failed for value "null" (type string) at path "_id" for model "BusGroup"
[2023-10-01T17:45:34.221] [ERROR] default - Cast to ObjectId failed for value "null" (type string) at path "_id" for model "BusGroup"
[2023-10-01T17:45:41.795] [ERROR] default - Cast to ObjectId failed for value "null" (type string) at path "_id" for model "BusGroup"
[2023-10-01T17:45:46.012] [ERROR] default - Cast to ObjectId failed for value "null" (type string) at path "_id" for model "BusGroup"
[2023-10-01T17:45:46.369] [ERROR] default - Cast to ObjectId failed for value "null" (type string) at path "_id" for model "BusGroup"
[2023-10-01T17:45:54.953] [ERROR] default - Cast to ObjectId failed for value "null" (type string) at path "_id" for model "BusGroup"
[2023-10-01T17:45:55.355] [ERROR] default - Cast to ObjectId failed for value "null" (type string) at path "_id" for model "BusGroup"
[2023-10-01T17:45:59.606] [ERROR] default - Cast to ObjectId failed for value "null" (type string) at path "_id" for model "BusGroup"
[2023-10-01T17:45:59.836] [ERROR] default - Cast to ObjectId failed for value "null" (type string) at path "_id" for model "BusGroup"
[2023-10-01T17:46:08.235] [ERROR] default - Cast to ObjectId failed for value "null" (type string) at path "_id" for model "BusGroup"
[2023-10-01T17:46:08.544] [ERROR] default - Cast to ObjectId failed for value "null" (type string) at path "_id" for model "BusGroup"
[2023-10-01T17:46:17.010] [ERROR] default - Cast to ObjectId failed for value "null" (type string) at path "_id" for model "BusGroup"
[2023-10-01T17:46:17.265] [ERROR] default - Cast to ObjectId failed for value "null" (type string) at path "_id" for model "BusGroup"
[2023-10-01T17:46:24.928] [ERROR] default - Cast to ObjectId failed for value "null" (type string) at path "_id" for model "BusGroup"
[2023-10-01T17:46:28.355] [ERROR] default - Cast to ObjectId failed for value "null" (type string) at path "_id" for model "BusGroup"
[2023-10-01T17:46:35.256] [ERROR] default - Cast to ObjectId failed for value "null" (type string) at path "_id" for model "BusGroup"
[2023-10-01T17:46:35.671] [ERROR] default - Cast to ObjectId failed for value "null" (type string) at path "_id" for model "BusGroup"
[2023-10-01T17:46:52.791] [ERROR] default - Cast to ObjectId failed for value "null" (type string) at path "_id" for model "BusGroup"
[2023-10-01T17:46:55.704] [ERROR] default - Cast to ObjectId failed for value "null" (type string) at path "_id" for model "BusGroup"
[2023-10-01T17:47:05.095] [ERROR] default - Cast to ObjectId failed for value "null" (type string) at path "_id" for model "BusGroup"
[2023-10-01T17:47:07.441] [ERROR] default - Cast to ObjectId failed for value "null" (type string) at path "_id" for model "BusGroup"
[2023-10-01T17:47:38.547] [ERROR] default - Cast to ObjectId failed for value "null" (type string) at path "_id" for model "BusGroup"
[2023-10-01T17:48:06.832] [ERROR] default - Cast to ObjectId failed for value "null" (type string) at path "_id" for model "BusGroup"
[2023-10-01T17:48:07.346] [ERROR] default - Cast to ObjectId failed for value "null" (type string) at path "_id" for model "BusGroup"
[2023-10-01T17:50:31.647] [ERROR] default - Cast to ObjectId failed for value "null" (type string) at path "_id" for model "BusGroup"
[2023-10-01T17:50:32.052] [ERROR] default - Cast to ObjectId failed for value "null" (type string) at path "_id" for model "BusGroup"
[2023-10-01T17:50:51.194] [ERROR] default - Cast to ObjectId failed for value "null" (type string) at path "_id" for model "BusGroup"
[2023-10-01T17:51:01.271] [ERROR] default - Cast to ObjectId failed for value "null" (type string) at path "_id" for model "BusGroup"
[2023-10-01T17:51:06.069] [ERROR] default - Cast to ObjectId failed for value "null" (type string) at path "_id" for model "BusGroup"
[2023-10-01T17:51:26.064] [ERROR] default - Cast to ObjectId failed for value "null" (type string) at path "_id" for model "BusGroup"
[2023-10-01T17:51:45.709] [ERROR] default - Cast to ObjectId failed for value "null" (type string) at path "_id" for model "BusGroup"
[2023-10-01T17:52:04.694] [ERROR] default - Cast to ObjectId failed for value "null" (type string) at path "_id" for model "BusGroup"
[2023-10-01T17:52:15.120] [ERROR] default - Cast to ObjectId failed for value "null" (type string) at path "_id" for model "BusGroup"
[2023-10-01T17:52:15.300] [ERROR] default - Cast to ObjectId failed for value "null" (type string) at path "_id" for model "BusGroup"
[2023-10-01T17:52:28.292] [ERROR] default - Cast to ObjectId failed for value "null" (type string) at path "_id" for model "BusGroup"
[2023-10-01T17:52:28.593] [ERROR] default - Cast to ObjectId failed for value "null" (type string) at path "_id" for model "BusGroup"
[2023-10-01T17:52:34.348] [ERROR] default - Cast to ObjectId failed for value "null" (type string) at path "_id" for model "BusGroup"
[2023-10-01T17:52:34.601] [ERROR] default - Cast to ObjectId failed for value "null" (type string) at path "_id" for model "BusGroup"
[2023-10-01T17:52:37.327] [ERROR] default - Cast to ObjectId failed for value "null" (type string) at path "_id" for model "BusGroup"
[2023-10-01T17:52:52.761] [ERROR] default - Cast to ObjectId failed for value "null" (type string) at path "_id" for model "BusGroup"
[2023-10-01T17:52:54.344] [ERROR] default - Cast to ObjectId failed for value "null" (type string) at path "_id" for model "BusGroup"
[2023-10-01T17:57:48.782] [ERROR] default - Cast to ObjectId failed for value "null" (type string) at path "_id" for model "BusGroup"
[2023-10-01T17:58:01.241] [ERROR] default - Cast to ObjectId failed for value "null" (type string) at path "_id" for model "BusGroup"
[2023-10-01T17:58:04.662] [ERROR] default - Cast to ObjectId failed for value "null" (type string) at path "_id" for model "BusGroup"
[2023-10-01T17:59:25.904] [ERROR] default - Cast to ObjectId failed for value "null" (type string) at path "_id" for model "BusGroup"
[2023-10-01T18:00:20.770] [ERROR] default - Cast to ObjectId failed for value "null" (type string) at path "_id" for model "BusGroup"
[2023-10-01T18:00:23.798] [ERROR] default - Cast to ObjectId failed for value "null" (type string) at path "_id" for model "BusGroup"
[2023-10-01T18:01:06.480] [ERROR] default - connection <monitor> to 34.225.241.19:27017 timed out
[2023-10-01T18:01:07.152] [ERROR] default - Cast to ObjectId failed for value "null" (type string) at path "_id" for model "BusGroup"
[2023-10-01T18:01:20.219] [ERROR] default - Cast to ObjectId failed for value "null" (type string) at path "_id" for model "BusGroup"
[2023-10-01T18:01:22.988] [ERROR] default - Cast to ObjectId failed for value "null" (type string) at path "_id" for model "BusGroup"
[2023-10-01T18:01:25.178] [ERROR] default - Cast to ObjectId failed for value "null" (type string) at path "_id" for model "BusGroup"
[2023-10-01T18:01:25.406] [ERROR] default - connection timed out
[2023-10-01T18:01:38.739] [ERROR] default - connection timed out
[2023-10-01T18:01:50.218] [ERROR] default - read ECONNRESET
[2023-10-01T18:01:50.233] [ERROR] default - read ECONNRESET
[2023-10-01T18:01:55.173] [ERROR] default - read ECONNRESET
[2023-10-01T18:01:55.176] [ERROR] default - read ECONNRESET
[2023-10-01T18:02:23.631] [ERROR] default - Cast to ObjectId failed for value "null" (type string) at path "_id" for model "BusGroup"
[2023-10-01T18:02:27.979] [ERROR] default - Cast to ObjectId failed for value "null" (type string) at path "_id" for model "BusGroup"
[2023-10-01T18:02:30.677] [ERROR] default - Cast to ObjectId failed for value "null" (type string) at path "_id" for model "BusGroup"
[2023-10-01T18:02:45.084] [ERROR] default - Cast to ObjectId failed for value "null" (type string) at path "_id" for model "BusGroup"
[2023-10-01T18:02:53.635] [ERROR] default - read ECONNRESET
[2023-10-01T18:02:53.638] [ERROR] default - read ECONNRESET
[2023-10-01T18:03:00.673] [ERROR] default - read ECONNRESET
[2023-10-01T18:03:00.675] [ERROR] default - read ECONNRESET
[2023-10-01T18:03:29.869] [ERROR] default - Cast to ObjectId failed for value "null" (type string) at path "_id" for model "BusGroup"
[2023-10-01T18:03:32.856] [ERROR] default - Cast to ObjectId failed for value "null" (type string) at path "_id" for model "BusGroup"
[2023-10-01T18:03:59.208] [ERROR] default - Cast to ObjectId failed for value "null" (type string) at path "_id" for model "BusGroup"
[2023-10-01T18:06:04.531] [ERROR] default - Cast to ObjectId failed for value "null" (type string) at path "_id" for model "BusGroup"
[2023-10-01T18:06:34.526] [ERROR] default - getaddrinfo ENOTFOUND cluster0-shard-00-00.vsw6p.mongodb.net
[2023-10-01T18:06:34.529] [ERROR] default - getaddrinfo ENOTFOUND cluster0-shard-00-00.vsw6p.mongodb.net
[2023-10-01T18:08:22.065] [ERROR] default - Cast to ObjectId failed for value "null" (type string) at path "_id" for model "BusGroup"
[2023-10-01T18:16:25.224] [ERROR] default - Cast to ObjectId failed for value "null" (type string) at path "_id" for model "BusGroup"
[2023-10-01T18:17:21.435] [ERROR] default - Cast to ObjectId failed for value "null" (type string) at path "_id" for model "BusGroup"
[2023-10-01T18:22:56.106] [ERROR] default - Cast to ObjectId failed for value "null" (type string) at path "_id" for model "BusGroup"
[2023-10-01T18:29:05.943] [ERROR] default - Cast to ObjectId failed for value "null" (type string) at path "_id" for model "BusGroup"
[2023-10-01T18:32:56.055] [ERROR] default - Cast to ObjectId failed for value "null" (type string) at path "_id" for model "BusGroup"
[2023-10-01T18:43:49.013] [ERROR] default - Cast to ObjectId failed for value "null" (type string) at path "_id" for model "BusGroup"
[2023-10-01T18:44:19.021] [ERROR] default - getaddrinfo ENOTFOUND cluster0-shard-00-00.vsw6p.mongodb.net
[2023-10-01T18:44:19.022] [ERROR] default - getaddrinfo ENOTFOUND cluster0-shard-00-00.vsw6p.mongodb.net
[2023-10-02T15:12:22.276] [ERROR] default - Cast to ObjectId failed for value "null" (type string) at path "_id" for model "BusGroup"
[2023-10-02T15:12:25.925] [ERROR] default - Cast to ObjectId failed for value "null" (type string) at path "_id" for model "BusGroup"
[2023-10-02T15:12:30.911] [ERROR] default - Cast to ObjectId failed for value "null" (type string) at path "_id" for model "BusGroup"
[2023-10-02T15:12:33.230] [ERROR] default - Cast to ObjectId failed for value "null" (type string) at path "_id" for model "BusGroup"
[2023-10-02T15:12:36.360] [ERROR] default - Cast to ObjectId failed for value "null" (type string) at path "_id" for model "BusGroup"
[2023-10-02T15:12:44.587] [ERROR] default - Cast to ObjectId failed for value "null" (type string) at path "_id" for model "BusGroup"
[2023-10-02T15:12:56.492] [ERROR] default - Cast to ObjectId failed for value "null" (type string) at path "_id" for model "BusGroup"
[2023-10-02T15:13:00.324] [ERROR] default - Cast to ObjectId failed for value "null" (type string) at path "_id" for model "BusGroup"
[2023-10-02T15:13:09.858] [ERROR] default - Cast to ObjectId failed for value "null" (type string) at path "_id" for model "BusGroup"
[2023-10-02T15:13:19.740] [ERROR] default - Cast to ObjectId failed for value "null" (type string) at path "_id" for model "BusGroup"
[2023-10-02T15:14:32.018] [ERROR] default - Cast to ObjectId failed for value "null" (type string) at path "_id" for model "BusGroup"
[2023-10-02T15:15:51.372] [ERROR] default - Cast to ObjectId failed for value "null" (type string) at path "_id" for model "BusGroup"
[2023-10-02T15:15:57.237] [ERROR] default - Cast to ObjectId failed for value "null" (type string) at path "_id" for model "BusGroup"
[2023-10-02T15:16:02.618] [ERROR] default - Cast to ObjectId failed for value "null" (type string) at path "_id" for model "BusGroup"
[2023-10-02T15:16:09.824] [ERROR] default - Cast to ObjectId failed for value "null" (type string) at path "_id" for model "BusGroup"
