2024-10-18T17:28:43.438Z pid: 25121 info: REDIS-CACHE => No Data found: Key access-token:eyJhbGciOiJIUzI1NiIsInR5cCI6IkpXVCJ9.eyJfaWQiOiI2NGUxZjA5MmFkYmEyMzg5YzMwZjRmNGQiLCJlbWFpbCI6ImVsaWV3b2FkZUBnbWFpbC5jb20iLCJpYXQiOjE3MjkyNzI1MTksImV4cCI6MTcyOTI3MzQxOX0.UIAmXHr6ByyQYwgA5yRADlLXD3diuROJrJ-3l2lSWZY
2024-10-18T17:29:09.904Z pid: 25121 info: REDIS-CACHE => No Data found: Key access-token:eyJhbGciOiJIUzI1NiIsInR5cCI6IkpXVCJ9.eyJfaWQiOiI2NGUxZjA5MmFkYmEyMzg5YzMwZjRmNGQiLCJlbWFpbCI6ImVsaWV3b2FkZUBnbWFpbC5jb20iLCJpYXQiOjE3MjkyNzI1MTksImV4cCI6MTcyOTI3MzQxOX0.UIAmXHr6ByyQYwgA5yRADlLXD3diuROJrJ-3l2lSWZY
2024-10-18T17:33:07.985Z pid: 25121 info: REDIS-CACHE => No Data found: Key access-token:eyJhbGciOiJIUzI1NiIsInR5cCI6IkpXVCJ9.eyJfaWQiOiI2NGUxZjA5MmFkYmEyMzg5YzMwZjRmNGQiLCJlbWFpbCI6ImVsaWV3b2FkZUBnbWFpbC5jb20iLCJpYXQiOjE3MjkyNzI1MTksImV4cCI6MTcyOTI3MzQxOX0.UIAmXHr6ByyQYwgA5yRADlLXD3diuROJrJ-3l2lSWZY
2024-10-18T17:59:57.553Z pid: 25121 info: REDIS-CACHE => No Data found: Key access-token:eyJhbGciOiJIUzI1NiIsInR5cCI6IkpXVCJ9.eyJfaWQiOiI2NGUxZjA5MmFkYmEyMzg5YzMwZjRmNGQiLCJlbWFpbCI6ImVsaWV3b2FkZUBnbWFpbC5jb20iLCJpYXQiOjE3MjkyNzQzOTYsImV4cCI6MTcyOTMxNzU5Nn0.JSKghZzyzJ6iE1dkJVoRGSHStAsI9pOxVkqkoSZnABM
2024-10-18T18:01:57.380Z pid: 25121 info: REDIS-CACHE => No Data found: Key access-token:eyJhbGciOiJIUzI1NiIsInR5cCI6IkpXVCJ9.eyJfaWQiOiI2NGUxZjA5MmFkYmEyMzg5YzMwZjRmNGQiLCJlbWFpbCI6ImVsaWV3b2FkZUBnbWFpbC5jb20iLCJpYXQiOjE3MjkyNzQ1MDMsImV4cCI6MTcyOTI3NTQwM30.dM50E8ctKsNMtQid-LU8PzAFIV6ZIB5Wztx4T7PI87A
2024-10-18T18:03:53.534Z pid: 25121 info: REDIS-CACHE => No Data found: Key access-token:eyJhbGciOiJIUzI1NiIsInR5cCI6IkpXVCJ9.eyJfaWQiOiI2NGUxZjA5MmFkYmEyMzg5YzMwZjRmNGQiLCJlbWFpbCI6ImVsaWV3b2FkZUBnbWFpbC5jb20iLCJpYXQiOjE3MjkyNzQ1MDMsImV4cCI6MTcyOTI3NTQwM30.dM50E8ctKsNMtQid-LU8PzAFIV6ZIB5Wztx4T7PI87A
2024-10-18T18:10:52.342Z pid: 25121 info: REDIS-CACHE => No Data found: Key access-token:eyJhbGciOiJIUzI1NiIsInR5cCI6IkpXVCJ9.eyJfaWQiOiI2NGUxZjA5MmFkYmEyMzg5YzMwZjRmNGQiLCJlbWFpbCI6ImVsaWV3b2FkZUBnbWFpbC5jb20iLCJpYXQiOjE3MjkyNzQ1MDMsImV4cCI6MTcyOTI3NTQwM30.dM50E8ctKsNMtQid-LU8PzAFIV6ZIB5Wztx4T7PI87A
2024-10-18T18:11:32.297Z pid: 25121 info: REDIS-CACHE => No Data found: Key access-token:eyJhbGciOiJIUzI1NiIsInR5cCI6IkpXVCJ9.eyJfaWQiOiI2NGUxZjA5MmFkYmEyMzg5YzMwZjRmNGQiLCJlbWFpbCI6ImVsaWV3b2FkZUBnbWFpbC5jb20iLCJpYXQiOjE3MjkyNzQ1MDMsImV4cCI6MTcyOTI3NTQwM30.dM50E8ctKsNMtQid-LU8PzAFIV6ZIB5Wztx4T7PI87A
2024-10-18T18:14:14.743Z pid: 25121 info: REDIS-CACHE => No Data found: Key access-token:eyJhbGciOiJIUzI1NiIsInR5cCI6IkpXVCJ9.eyJfaWQiOiI2NGUxZjA5MmFkYmEyMzg5YzMwZjRmNGQiLCJlbWFpbCI6ImVsaWV3b2FkZUBnbWFpbC5jb20iLCJpYXQiOjE3MjkyNzQ1MDMsImV4cCI6MTcyOTI3NTQwM30.dM50E8ctKsNMtQid-LU8PzAFIV6ZIB5Wztx4T7PI87A
2024-10-18T18:15:43.364Z pid: 25121 info: REDIS-CACHE => No Data found: Key access-token:eyJhbGciOiJIUzI1NiIsInR5cCI6IkpXVCJ9.eyJfaWQiOiI2NGUxZjA5MmFkYmEyMzg5YzMwZjRmNGQiLCJlbWFpbCI6ImVsaWV3b2FkZUBnbWFpbC5jb20iLCJpYXQiOjE3MjkyNzQ1MDMsImV4cCI6MTcyOTI3NTQwM30.dM50E8ctKsNMtQid-LU8PzAFIV6ZIB5Wztx4T7PI87A
2024-10-18T18:17:17.123Z pid: 31329 info: REDIS-CACHE => No Data found: Key access-token:eyJhbGciOiJIUzI1NiIsInR5cCI6IkpXVCJ9.eyJfaWQiOiI2NGUxZjA5MmFkYmEyMzg5YzMwZjRmNGQiLCJlbWFpbCI6ImVsaWV3b2FkZUBnbWFpbC5jb20iLCJpYXQiOjE3MjkyNzU0MzUsImV4cCI6MTcyOTMxODYzNX0.xMdZkccmsqZTXR4erLEztKp-V3Ac6vK18ti7cfOPVHk
2024-10-18T18:17:50.481Z pid: 31329 info: REDIS-CACHE => No Data found: Key access-token:eyJhbGciOiJIUzI1NiIsInR5cCI6IkpXVCJ9.eyJfaWQiOiI2NGUxZjA5MmFkYmEyMzg5YzMwZjRmNGQiLCJlbWFpbCI6ImVsaWV3b2FkZUBnbWFpbC5jb20iLCJpYXQiOjE3MjkyNzU0NTQsImV4cCI6MTcyOTI3NjM1NH0.XSCGfZH24RKESU_le1JiSG5TvdZIdu2izYFshCqraSc
2024-10-18T18:23:10.830Z pid: 31329 info: REDIS-CACHE => No Data found: Key access-token:eyJhbGciOiJIUzI1NiIsInR5cCI6IkpXVCJ9.eyJfaWQiOiI2NGUxZjA5MmFkYmEyMzg5YzMwZjRmNGQiLCJlbWFpbCI6ImVsaWV3b2FkZUBnbWFpbC5jb20iLCJpYXQiOjE3MjkyNzU0NTQsImV4cCI6MTcyOTI3NjM1NH0.XSCGfZH24RKESU_le1JiSG5TvdZIdu2izYFshCqraSc
2024-10-18T18:56:35.273Z pid: 32187 info: REDIS-CACHE => No Data found: Key access-token:eyJhbGciOiJIUzI1NiIsInR5cCI6IkpXVCJ9.eyJfaWQiOiI2NGUxZjA5MmFkYmEyMzg5YzMwZjRmNGQiLCJlbWFpbCI6ImVsaWV3b2FkZUBnbWFpbC5jb20iLCJpYXQiOjE3MjkyNzc3OTQsImV4cCI6MTcyOTMyMDk5NH0.p6_KDEB9b5T5TjcbOj0INcqzfj1Z0elf6pQoPmfPzjM
2024-10-18T19:08:37.696Z pid: 32694 info: REDIS-CACHE => No Data found: Key access-token:eyJhbGciOiJIUzI1NiIsInR5cCI6IkpXVCJ9.eyJfaWQiOiI2NGUxZjA5MmFkYmEyMzg5YzMwZjRmNGQiLCJlbWFpbCI6ImVsaWV3b2FkZUBnbWFpbC5jb20iLCJpYXQiOjE3MjkyNzc3OTQsImV4cCI6MTcyOTMyMDk5NH0.p6_KDEB9b5T5TjcbOj0INcqzfj1Z0elf6pQoPmfPzjM
2024-10-18T19:10:15.305Z pid: 32838 info: REDIS-CACHE => No Data found: Key access-token:eyJhbGciOiJIUzI1NiIsInR5cCI6IkpXVCJ9.eyJfaWQiOiI2NGUxZjA5MmFkYmEyMzg5YzMwZjRmNGQiLCJlbWFpbCI6ImVsaWV3b2FkZUBnbWFpbC5jb20iLCJpYXQiOjE3MjkyNzc3OTQsImV4cCI6MTcyOTMyMDk5NH0.p6_KDEB9b5T5TjcbOj0INcqzfj1Z0elf6pQoPmfPzjM
2024-10-18T22:33:19.447Z pid: 35065 info: REDIS-CACHE => Data retrieved : Key access-token:eyJhbGciOiJIUzI1NiIsInR5cCI6IkpXVCJ9.eyJfaWQiOiI2NGUxZjA5MmFkYmEyMzg5YzMwZjRmNGQiLCJlbWFpbCI6ImVsaWV3b2FkZUBnbWFpbC5jb20iLCJpYXQiOjE3MjkyOTAwODYsImV4cCI6MTcyOTI5MDk4Nn0.-8K9I6AvDhhbKMd3Wtlf-nwJTVds1chLMP-NIRaAan0 : Size 212.00 Bytes
2024-10-18T22:33:37.647Z pid: 35065 info: REDIS-CACHE => Data retrieved : Key access-token:eyJhbGciOiJIUzI1NiIsInR5cCI6IkpXVCJ9.eyJfaWQiOiI2NGUxZjA5MmFkYmEyMzg5YzMwZjRmNGQiLCJlbWFpbCI6ImVsaWV3b2FkZUBnbWFpbC5jb20iLCJpYXQiOjE3MjkyOTAwODYsImV4cCI6MTcyOTI5MDk4Nn0.-8K9I6AvDhhbKMd3Wtlf-nwJTVds1chLMP-NIRaAan0 : Size 212.00 Bytes
2024-10-18T22:41:56.785Z pid: 35065 info: ROUTE-GUARD => Initializing Redis
2024-10-18T22:41:57.800Z pid: 35065 info: ROUTE-GUARD => Initializing Redis
2024-10-18T22:41:59.819Z pid: 35065 info: ROUTE-GUARD => Initializing Redis
2024-10-18T22:42:03.839Z pid: 35065 info: ROUTE-GUARD => Initializing Redis
2024-10-18T22:42:43.766Z pid: 35065 info: ROUTE-GUARD => Initializing Redis
2024-10-18T22:42:44.781Z pid: 35065 info: ROUTE-GUARD => Initializing Redis
2024-10-18T22:42:46.796Z pid: 35065 info: ROUTE-GUARD => Initializing Redis
2024-10-18T22:42:50.807Z pid: 35065 info: ROUTE-GUARD => Initializing Redis
2024-10-18T22:44:18.097Z pid: 35065 info: ROUTE-GUARD => Initializing Redis
2024-10-18T22:44:19.136Z pid: 35065 info: ROUTE-GUARD => Initializing Redis
2024-10-18T22:47:38.494Z pid: 35065 info: ROUTE-GUARD => Initializing Redis
2024-10-18T22:52:22.028Z pid: 35065 info: ROUTE-GUARD => Initializing Redis
2024-10-18T22:53:30.746Z pid: 36164 info: ROUTE-GUARD => Initializing Redis
2024-10-18T23:00:29.641Z pid: 36404 info: ROUTE-GUARD => Initializing Redis
2024-10-18T23:00:44.318Z pid: 36404 info: ROUTE-GUARD => Initializing Redis
2024-10-18T23:07:02.252Z pid: 36838 info: ROUTE-GUARD => Initializing Redis
2024-10-18T23:08:08.677Z pid: 36838 info: ROUTE-GUARD => Initializing Redis
2024-10-18T23:08:51.229Z pid: 36838 info: ROUTE-GUARD => Initializing Redis
2024-10-18T23:10:36.527Z pid: 38030 info: ROUTE-GUARD => Initializing Redis
2024-10-18T23:16:56.598Z pid: 38030 info: ROUTE-GUARD => Initializing Redis
2024-10-18T23:16:56.820Z pid: 38030 info: REDIS-CACHE => Data retrieved : Key access-token:eyJhbGciOiJIUzI1NiIsInR5cCI6IkpXVCJ9.eyJfaWQiOiI2NGUxZjA5MmFkYmEyMzg5YzMwZjRmNGQiLCJlbWFpbCI6ImVsaWV3b2FkZUBnbWFpbC5jb20iLCJpYXQiOjE3MjkyOTE5NDEsImV4cCI6MTcyOTMzNTE0MX0.l8HO2auda6CKMOHC79BzY1OsphwXwPUzUkgVJ8I2Qps : Size 212.00 Bytes
2024-10-18T23:17:07.248Z pid: 38030 info: ROUTE-GUARD => Initializing Redis
2024-10-18T23:18:34.675Z pid: 38030 info: ROUTE-GUARD => Initializing Redis
2024-10-18T23:18:41.933Z pid: 38030 info: ROUTE-GUARD => Initializing Redis
2024-10-18T23:18:59.581Z pid: 38030 info: ROUTE-GUARD => Initializing Redis
2024-10-18T23:18:59.862Z pid: 38030 info: REDIS-CACHE => Data retrieved : Key access-token:eyJhbGciOiJIUzI1NiIsInR5cCI6IkpXVCJ9.eyJfaWQiOiI2NGUxZjA5MmFkYmEyMzg5YzMwZjRmNGQiLCJlbWFpbCI6ImVsaWV3b2FkZUBnbWFpbC5jb20iLCJpYXQiOjE3MjkyOTM1MjgsImV4cCI6MTcyOTI5NDQyOH0.16GmM5uTins1czP8IoQXgHkoq2h8C0Xjj_YvRQ6D-E8 : Size 212.00 Bytes
2024-10-18T23:19:04.647Z pid: 38030 info: ROUTE-GUARD => Initializing Redis
2024-10-18T23:19:04.865Z pid: 38030 info: REDIS-CACHE => Data retrieved : Key access-token:eyJhbGciOiJIUzI1NiIsInR5cCI6IkpXVCJ9.eyJfaWQiOiI2NGUxZjA5MmFkYmEyMzg5YzMwZjRmNGQiLCJlbWFpbCI6ImVsaWV3b2FkZUBnbWFpbC5jb20iLCJpYXQiOjE3MjkyOTM1MjgsImV4cCI6MTcyOTI5NDQyOH0.16GmM5uTins1czP8IoQXgHkoq2h8C0Xjj_YvRQ6D-E8 : Size 212.00 Bytes
2024-10-18T23:19:17.750Z pid: 38030 info: ROUTE-GUARD => Initializing Redis
2024-10-18T23:19:18.191Z pid: 38030 info: REDIS-CACHE => Data retrieved : Key access-token:eyJhbGciOiJIUzI1NiIsInR5cCI6IkpXVCJ9.eyJfaWQiOiI2NGUxZjA5MmFkYmEyMzg5YzMwZjRmNGQiLCJlbWFpbCI6ImVsaWV3b2FkZUBnbWFpbC5jb20iLCJpYXQiOjE3MjkyOTM1MjgsImV4cCI6MTcyOTI5NDQyOH0.16GmM5uTins1czP8IoQXgHkoq2h8C0Xjj_YvRQ6D-E8 : Size 212.00 Bytes
2024-10-18T23:19:20.485Z pid: 38030 info: ROUTE-GUARD => Initializing Redis
2024-10-18T23:19:20.713Z pid: 38030 info: REDIS-CACHE => Data retrieved : Key access-token:eyJhbGciOiJIUzI1NiIsInR5cCI6IkpXVCJ9.eyJfaWQiOiI2NGUxZjA5MmFkYmEyMzg5YzMwZjRmNGQiLCJlbWFpbCI6ImVsaWV3b2FkZUBnbWFpbC5jb20iLCJpYXQiOjE3MjkyOTM1MjgsImV4cCI6MTcyOTI5NDQyOH0.16GmM5uTins1czP8IoQXgHkoq2h8C0Xjj_YvRQ6D-E8 : Size 212.00 Bytes
2024-10-18T23:23:33.960Z pid: 38030 info: ROUTE-GUARD => Initializing Redis
2024-10-18T23:23:44.573Z pid: 38030 info: ROUTE-GUARD => Initializing Redis
2024-10-18T23:24:16.780Z pid: 38548 info: ROUTE-GUARD => Initializing Redis
2024-10-18T23:28:17.025Z pid: 38663 info: ROUTE-GUARD => Initializing Redis
2024-10-18T23:28:17.780Z pid: 38663 info: REDIS-CACHE => Data retrieved : Key access-token:eyJhbGciOiJIUzI1NiIsInR5cCI6IkpXVCJ9.eyJfaWQiOiI2NGUxZjA5MmFkYmEyMzg5YzMwZjRmNGQiLCJlbWFpbCI6ImVsaWV3b2FkZUBnbWFpbC5jb20iLCJpYXQiOjE3MjkyOTM1MjgsImV4cCI6MTcyOTI5NDQyOH0.16GmM5uTins1czP8IoQXgHkoq2h8C0Xjj_YvRQ6D-E8 : Size 212.00 Bytes
2024-10-18T23:28:28.990Z pid: 38663 info: ROUTE-GUARD => Initializing Redis
2024-10-18T23:28:29.811Z pid: 38663 info: REDIS-CACHE => Data retrieved : Key access-token:eyJhbGciOiJIUzI1NiIsInR5cCI6IkpXVCJ9.eyJfaWQiOiI2NGUxZjA5MmFkYmEyMzg5YzMwZjRmNGQiLCJlbWFpbCI6ImVsaWV3b2FkZUBnbWFpbC5jb20iLCJpYXQiOjE3MjkyOTM1MjgsImV4cCI6MTcyOTI5NDQyOH0.16GmM5uTins1czP8IoQXgHkoq2h8C0Xjj_YvRQ6D-E8 : Size 212.00 Bytes
2024-10-18T23:31:30.974Z pid: 38663 info: ROUTE-GUARD => Initializing Redis
2024-10-18T23:31:31.247Z pid: 38663 info: REDIS-CACHE => Data retrieved : Key access-token:eyJhbGciOiJIUzI1NiIsInR5cCI6IkpXVCJ9.eyJfaWQiOiI2NGUxZjA5MmFkYmEyMzg5YzMwZjRmNGQiLCJlbWFpbCI6ImVsaWV3b2FkZUBnbWFpbC5jb20iLCJpYXQiOjE3MjkyOTM1MjgsImV4cCI6MTcyOTI5NDQyOH0.16GmM5uTins1czP8IoQXgHkoq2h8C0Xjj_YvRQ6D-E8 : Size 212.00 Bytes
